<?xml version="1.0" encoding="UTF-8"?>
<testsuite name="com.aus.asx.notifications.DemoApplicationTests" tests="1" skipped="0" failures="0" errors="0" timestamp="2019-10-30T23:22:34" hostname="Laptops-MacBook-Pro-2.local" time="0.34">
  <properties/>
  <testcase name="contextLoads()" classname="com.aus.asx.notifications.DemoApplicationTests" time="0.34"/>
  <system-out><![CDATA[10:22:33.125 [Test worker] DEBUG org.springframework.test.context.BootstrapUtils - Instantiating CacheAwareContextLoaderDelegate from class [org.springframework.test.context.cache.DefaultCacheAwareContextLoaderDelegate]
10:22:33.138 [Test worker] DEBUG org.springframework.test.context.BootstrapUtils - Instantiating BootstrapContext using constructor [public org.springframework.test.context.support.DefaultBootstrapContext(java.lang.Class,org.springframework.test.context.CacheAwareContextLoaderDelegate)]
10:22:33.163 [Test worker] DEBUG org.springframework.test.context.BootstrapUtils - Instantiating TestContextBootstrapper for test class [com.aus.asx.notifications.DemoApplicationTests] from class [org.springframework.boot.test.context.SpringBootTestContextBootstrapper]
10:22:33.174 [Test worker] INFO org.springframework.boot.test.context.SpringBootTestContextBootstrapper - Neither @ContextConfiguration nor @ContextHierarchy found for test class [com.aus.asx.notifications.DemoApplicationTests], using SpringBootContextLoader
10:22:33.178 [Test worker] DEBUG org.springframework.test.context.support.AbstractContextLoader - Did not detect default resource location for test class [com.aus.asx.notifications.DemoApplicationTests]: class path resource [com/aus/asx/notifications/DemoApplicationTests-context.xml] does not exist
10:22:33.179 [Test worker] DEBUG org.springframework.test.context.support.AbstractContextLoader - Did not detect default resource location for test class [com.aus.asx.notifications.DemoApplicationTests]: class path resource [com/aus/asx/notifications/DemoApplicationTestsContext.groovy] does not exist
10:22:33.179 [Test worker] INFO org.springframework.test.context.support.AbstractContextLoader - Could not detect default resource locations for test class [com.aus.asx.notifications.DemoApplicationTests]: no resource found for suffixes {-context.xml, Context.groovy}.
10:22:33.180 [Test worker] INFO org.springframework.test.context.support.AnnotationConfigContextLoaderUtils - Could not detect default configuration classes for test class [com.aus.asx.notifications.DemoApplicationTests]: DemoApplicationTests does not declare any static, non-private, non-final, nested classes annotated with @Configuration.
10:22:33.205 [Test worker] DEBUG org.springframework.test.context.support.ActiveProfilesUtils - Could not find an 'annotation declaring class' for annotation type [org.springframework.test.context.ActiveProfiles] and class [com.aus.asx.notifications.DemoApplicationTests]
10:22:33.250 [Test worker] DEBUG org.springframework.context.annotation.ClassPathScanningCandidateComponentProvider - Identified candidate component class: file [/Users/dheeraj.agrawal/Workspace/backend/notifications/notifications/build/classes/java/main/com/aus/asx/notifications/DemoApplication.class]
10:22:33.251 [Test worker] INFO org.springframework.boot.test.context.SpringBootTestContextBootstrapper - Found @SpringBootConfiguration com.aus.asx.notifications.DemoApplication for test class com.aus.asx.notifications.DemoApplicationTests
10:22:33.313 [Test worker] DEBUG org.springframework.boot.test.context.SpringBootTestContextBootstrapper - @TestExecutionListeners is not present for class [com.aus.asx.notifications.DemoApplicationTests]: using defaults.
10:22:33.313 [Test worker] INFO org.springframework.boot.test.context.SpringBootTestContextBootstrapper - Loaded default TestExecutionListener class names from location [META-INF/spring.factories]: [org.springframework.boot.test.autoconfigure.restdocs.RestDocsTestExecutionListener, org.springframework.boot.test.autoconfigure.web.client.MockRestServiceServerResetTestExecutionListener, org.springframework.boot.test.autoconfigure.web.servlet.MockMvcPrintOnlyOnFailureTestExecutionListener, org.springframework.boot.test.autoconfigure.web.servlet.WebDriverTestExecutionListener, org.springframework.boot.test.mock.mockito.MockitoTestExecutionListener, org.springframework.boot.test.mock.mockito.ResetMocksTestExecutionListener, org.springframework.test.context.web.ServletTestExecutionListener, org.springframework.test.context.support.DirtiesContextBeforeModesTestExecutionListener, org.springframework.test.context.support.DependencyInjectionTestExecutionListener, org.springframework.test.context.support.DirtiesContextTestExecutionListener, org.springframework.test.context.transaction.TransactionalTestExecutionListener, org.springframework.test.context.jdbc.SqlScriptsTestExecutionListener, org.springframework.test.context.event.EventPublishingTestExecutionListener]
10:22:33.318 [Test worker] DEBUG org.springframework.boot.test.context.SpringBootTestContextBootstrapper - Skipping candidate TestExecutionListener [org.springframework.test.context.web.ServletTestExecutionListener] due to a missing dependency. Specify custom listener classes or make the default listener classes and their required dependencies available. Offending class: [javax/servlet/ServletContext]
10:22:33.320 [Test worker] DEBUG org.springframework.boot.test.context.SpringBootTestContextBootstrapper - Skipping candidate TestExecutionListener [org.springframework.test.context.transaction.TransactionalTestExecutionListener] due to a missing dependency. Specify custom listener classes or make the default listener classes and their required dependencies available. Offending class: [org/springframework/transaction/interceptor/TransactionAttributeSource]
10:22:33.320 [Test worker] DEBUG org.springframework.boot.test.context.SpringBootTestContextBootstrapper - Skipping candidate TestExecutionListener [org.springframework.test.context.jdbc.SqlScriptsTestExecutionListener] due to a missing dependency. Specify custom listener classes or make the default listener classes and their required dependencies available. Offending class: [org/springframework/transaction/interceptor/TransactionAttribute]
10:22:33.320 [Test worker] INFO org.springframework.boot.test.context.SpringBootTestContextBootstrapper - Using TestExecutionListeners: [org.springframework.test.context.support.DirtiesContextBeforeModesTestExecutionListener@7e7cf43e, org.springframework.boot.test.mock.mockito.MockitoTestExecutionListener@760150f9, org.springframework.boot.test.autoconfigure.SpringBootDependencyInjectionTestExecutionListener@4e1416d5, org.springframework.test.context.support.DirtiesContextTestExecutionListener@76568eba, org.springframework.test.context.event.EventPublishingTestExecutionListener@6f92594a, org.springframework.boot.test.autoconfigure.restdocs.RestDocsTestExecutionListener@13684ad9, org.springframework.boot.test.autoconfigure.web.client.MockRestServiceServerResetTestExecutionListener@7da454df, org.springframework.boot.test.autoconfigure.web.servlet.MockMvcPrintOnlyOnFailureTestExecutionListener@3f45268f, org.springframework.boot.test.autoconfigure.web.servlet.WebDriverTestExecutionListener@42e06024, org.springframework.boot.test.mock.mockito.ResetMocksTestExecutionListener@138fd423]
10:22:33.323 [Test worker] DEBUG org.springframework.test.context.support.AbstractDirtiesContextTestExecutionListener - Before test class: context [DefaultTestContext@7b9f2080 testClass = DemoApplicationTests, testInstance = [null], testMethod = [null], testException = [null], mergedContextConfiguration = [ReactiveWebMergedContextConfiguration@34496a5a testClass = DemoApplicationTests, locations = '{}', classes = '{class com.aus.asx.notifications.DemoApplication}', contextInitializerClasses = '[]', activeProfiles = '{}', propertySourceLocations = '{}', propertySourceProperties = '{org.springframework.boot.test.context.SpringBootTestContextBootstrapper=true}', contextCustomizers = set[org.springframework.boot.test.autoconfigure.properties.PropertyMappingContextCustomizer@0, org.springframework.boot.test.autoconfigure.web.servlet.WebDriverContextCustomizerFactory$Customizer@6ff6ae94, org.springframework.boot.test.context.filter.ExcludeFilterContextCustomizer@58067487, org.springframework.boot.test.json.DuplicateJsonObjectContextCustomizerFactory$DuplicateJsonObjectContextCustomizer@4648aadf, org.springframework.boot.test.mock.mockito.MockitoContextCustomizer@0, org.springframework.boot.test.web.client.TestRestTemplateContextCustomizer@7e2d5e64, org.springframework.boot.test.web.reactive.server.WebTestClientContextCustomizer@5f17a1a4], contextLoader = 'org.springframework.boot.test.context.SpringBootContextLoader', parent = [null]], attributes = map[[empty]]], class annotated with @DirtiesContext [false] with mode [null].
10:22:33.333 [Test worker] DEBUG org.springframework.test.context.support.DependencyInjectionTestExecutionListener - Performing dependency injection for test context [[DefaultTestContext@7b9f2080 testClass = DemoApplicationTests, testInstance = com.aus.asx.notifications.DemoApplicationTests@54709d0f, testMethod = [null], testException = [null], mergedContextConfiguration = [ReactiveWebMergedContextConfiguration@34496a5a testClass = DemoApplicationTests, locations = '{}', classes = '{class com.aus.asx.notifications.DemoApplication}', contextInitializerClasses = '[]', activeProfiles = '{}', propertySourceLocations = '{}', propertySourceProperties = '{org.springframework.boot.test.context.SpringBootTestContextBootstrapper=true}', contextCustomizers = set[org.springframework.boot.test.autoconfigure.properties.PropertyMappingContextCustomizer@0, org.springframework.boot.test.autoconfigure.web.servlet.WebDriverContextCustomizerFactory$Customizer@6ff6ae94, org.springframework.boot.test.context.filter.ExcludeFilterContextCustomizer@58067487, org.springframework.boot.test.json.DuplicateJsonObjectContextCustomizerFactory$DuplicateJsonObjectContextCustomizer@4648aadf, org.springframework.boot.test.mock.mockito.MockitoContextCustomizer@0, org.springframework.boot.test.web.client.TestRestTemplateContextCustomizer@7e2d5e64, org.springframework.boot.test.web.reactive.server.WebTestClientContextCustomizer@5f17a1a4], contextLoader = 'org.springframework.boot.test.context.SpringBootContextLoader', parent = [null]], attributes = map[[empty]]]].
10:22:33.349 [Test worker] DEBUG org.springframework.test.context.support.TestPropertySourceUtils - Adding inlined properties to environment: {spring.jmx.enabled=false, org.springframework.boot.test.context.SpringBootTestContextBootstrapper=true, server.port=-1}

  .   ____          _            __ _ _
 /\\ / ___'_ __ _ _(_)_ __  __ _ \ \ \ \
( ( )\___ | '_ | '_| | '_ \/ _` | \ \ \ \
 \\/  ___)| |_)| | | | | || (_| |  ) ) ) )
  '  |____| .__|_| |_|_| |_\__, | / / / /
 =========|_|==============|___/=/_/_/_/
 :: Spring Boot ::        (v2.2.0.RELEASE)

2019-10-31 10:22:33.694  INFO 42835 --- [    Test worker] c.a.a.n.DemoApplicationTests             : Starting DemoApplicationTests on Laptops-MacBook-Pro-2.local with PID 42835 (started by dheeraj.agrawal in /Users/dheeraj.agrawal/Workspace/backend/notifications/notifications)
2019-10-31 10:22:33.695  INFO 42835 --- [    Test worker] c.a.a.n.DemoApplicationTests             : No active profile set, falling back to default profiles: default
2019-10-31 10:22:34.660  INFO 42835 --- [    Test worker] c.a.a.n.DemoApplicationTests             : Started DemoApplicationTests in 1.304 seconds (JVM running for 2.199)
]]></system-out>
  <system-err><![CDATA[]]></system-err>
</testsuite>
